Using pre-set license
Built from '2020.2/release' branch; Version is '2020.2.1f1 (270dd8c3da1c) revision 2559448'; Using compiler version '192528614'; Build Type 'Release'
OS: 'Windows 10  (10.0.0) 64bit' Language: 'fr' Physical Memory: 16229 MB
BatchMode: 1, IsHumanControllingUs: 0, StartBugReporterOnCrash: 0, Is64bit: 1, IsPro: 0

 COMMAND LINE ARGUMENTS:
C:\Program Files\Unity\Hub\Editor\2020.2.1f1\Editor\Unity.exe
-adb2
-batchMode
-noUpm
-name
AssetImportWorker0
-projectPath
C:/Users/Utilisateur/Documents/cours/barrel/Barrel/Barrel
-logFile
Logs/AssetImportWorker0.log
-srvPort
51209
Successfully changed project path to: C:/Users/Utilisateur/Documents/cours/barrel/Barrel/Barrel
C:/Users/Utilisateur/Documents/cours/barrel/Barrel/Barrel
Using Asset Import Pipeline V2.
Refreshing native plugins compatible for Editor in 36.11 ms, found 0 plugins.
Preloading 0 native plugins for Editor in 0.00 ms.
Initialize engine version: 2020.2.1f1 (270dd8c3da1c)
[Subsystems] Discovering subsystems at path C:/Program Files/Unity/Hub/Editor/2020.2.1f1/Editor/Data/Resources/UnitySubsystems
[Subsystems] Discovering subsystems at path C:/Users/Utilisateur/Documents/cours/barrel/Barrel/Barrel/Assets
GfxDevice: creating device client; threaded=0
Direct3D:
    Version:  Direct3D 11.0 [level 11.1]
    Renderer: NVIDIA GeForce GTX 1650 (ID=0x1f91)
    Vendor:   
    VRAM:     3962 MB
    Driver:   25.21.14.1788
Initialize mono
Mono path[0] = 'C:/Program Files/Unity/Hub/Editor/2020.2.1f1/Editor/Data/Managed'
Mono path[1] = 'C:/Program Files/Unity/Hub/Editor/2020.2.1f1/Editor/Data/MonoBleedingEdge/lib/mono/unityjit'
Mono config path = 'C:/Program Files/Unity/Hub/Editor/2020.2.1f1/Editor/Data/MonoBleedingEdge/etc'
Using monoOptions --debugger-agent=transport=dt_socket,embedding=1,server=y,suspend=n,address=127.0.0.1:56068
Begin MonoManager ReloadAssembly
Registering precompiled unity dll's ...
Register platform support module: C:/Program Files/Unity/Hub/Editor/2020.2.1f1/Editor/Data/PlaybackEngines/WindowsStandaloneSupport/UnityEditor.WindowsStandalone.Extensions.dll
Registered in 0.002032 seconds.
Native extension for WindowsStandalone target not found
Refreshing native plugins compatible for Editor in 35.53 ms, found 0 plugins.
Preloading 0 native plugins for Editor in 0.00 ms.
Invoked RoslynAnalysisRunner static constructor.
RoslynAnalysisRunner will not be running.
RoslynAnalysisRunner has terminated.
Mono: successfully reloaded assembly
- Completed reload, in  1.077 seconds
Platform modules already initialized, skipping
Registering precompiled user dll's ...
Registered in 0.000887 seconds.
Begin MonoManager ReloadAssembly
Native extension for WindowsStandalone target not found
Refreshing native plugins compatible for Editor in 35.60 ms, found 0 plugins.
Preloading 0 native plugins for Editor in 0.00 ms.
Invoked RoslynAnalysisRunner static constructor.
RoslynAnalysisRunner will not be running.
RoslynAnalysisRunner has terminated.
Mono: successfully reloaded assembly
- Completed reload, in  0.927 seconds
Platform modules already initialized, skipping
========================================================================
Worker process is ready to serve import requests
Launched and connected shader compiler UnityShaderCompiler.exe after 0.06 seconds
Refreshing native plugins compatible for Editor in 0.35 ms, found 0 plugins.
Preloading 0 native plugins for Editor in 0.00 ms.
Unloading 1898 Unused Serialized files (Serialized files now loaded: 0)
System memory in use before: 93.6 MB.
System memory in use after: 89.5 MB.

Unloading 96 unused Assets to reduce memory usage. Loaded Objects now: 2320.
Total: 4.434800 ms (FindLiveObjects: 0.197400 ms CreateObjectMapping: 0.091500 ms MarkObjects: 1.776300 ms  DeleteObjects: 2.367800 ms)

========================================================================
Received Import Request.
  path: Assets/Scripts
  artifactKey: Guid(769983f1e1fcb7d4c8aef7c390533c5b) Importer(815301076,1909f56bfc062723c751e8b465ee728b)
Start importing Assets/Scripts using Guid(769983f1e1fcb7d4c8aef7c390533c5b) Importer(815301076,1909f56bfc062723c751e8b465ee728b)  -> (artifact id: 'd0276b55d8ad5e2d2a0dd0001d629ab0') in 0.006542 seconds
  Import took 0.009512 seconds .

========================================================================
Received Import Request.
  Time since last request: 3.656926 seconds.
  path: Assets/Scripts/Shooting.cs
  artifactKey: Guid(1e23f2ef1ff7ecc41abfd6f40d6ad7ab) Importer(815301076,1909f56bfc062723c751e8b465ee728b)
Start importing Assets/Scripts/Shooting.cs using Guid(1e23f2ef1ff7ecc41abfd6f40d6ad7ab) Importer(815301076,1909f56bfc062723c751e8b465ee728b)  -> (artifact id: '570a77c575e636def840dd2bda2f29bd') in 0.046526 seconds
  Import took 0.049085 seconds .

========================================================================
Received Prepare
Refreshing native plugins compatible for Editor in 0.99 ms, found 0 plugins.
Preloading 0 native plugins for Editor in 0.00 ms.
Unloading 24 Unused Serialized files (Serialized files now loaded: 0)
System memory in use before: 55.3 MB.
System memory in use after: 51.2 MB.

Unloading 23 unused Assets to reduce memory usage. Loaded Objects now: 2320.
Total: 4.847000 ms (FindLiveObjects: 0.182200 ms CreateObjectMapping: 0.062700 ms MarkObjects: 1.960900 ms  DeleteObjects: 2.640100 ms)

========================================================================
Received Prepare
Registering precompiled user dll's ...
Registered in 0.000926 seconds.
Begin MonoManager ReloadAssembly
Native extension for WindowsStandalone target not found
Refreshing native plugins compatible for Editor in 0.43 ms, found 0 plugins.
Preloading 0 native plugins for Editor in 0.00 ms.
Invoked RoslynAnalysisRunner static constructor.
RoslynAnalysisRunner will not be running.
RoslynAnalysisRunner has terminated.
Mono: successfully reloaded assembly
- Completed reload, in  0.850 seconds
Platform modules already initialized, skipping
Refreshing native plugins compatible for Editor in 0.35 ms, found 0 plugins.
Preloading 0 native plugins for Editor in 0.00 ms.
Unloading 1870 Unused Serialized files (Serialized files now loaded: 0)
System memory in use before: 92.4 MB.
System memory in use after: 88.4 MB.

Unloading 90 unused Assets to reduce memory usage. Loaded Objects now: 2322.
Total: 5.514600 ms (FindLiveObjects: 0.233400 ms CreateObjectMapping: 0.094500 ms MarkObjects: 2.189300 ms  DeleteObjects: 2.996000 ms)

========================================================================
Received Import Request.
  Time since last request: 480.389516 seconds.
  path: Assets/Scripts/Trap.cs
  artifactKey: Guid(543b70674959df34c940bee08f4567c1) Importer(815301076,1909f56bfc062723c751e8b465ee728b)
Start importing Assets/Scripts/Trap.cs using Guid(543b70674959df34c940bee08f4567c1) Importer(815301076,1909f56bfc062723c751e8b465ee728b)  -> (artifact id: '79ae84c0096fb2d29c05c877a8d79d80') in 0.006399 seconds
  Import took 0.009321 seconds .

========================================================================
Received Import Request.
  Time since last request: 0.722244 seconds.
  path: Assets/Scripts/BulletScript.cs
  artifactKey: Guid(e87911c74799e2744a2a648078ebf55d) Importer(815301076,1909f56bfc062723c751e8b465ee728b)
Start importing Assets/Scripts/BulletScript.cs using Guid(e87911c74799e2744a2a648078ebf55d) Importer(815301076,1909f56bfc062723c751e8b465ee728b)  -> (artifact id: '2a776625e4ccc297ecd562e4a0c4c612') in 0.003502 seconds
  Import took 0.006243 seconds .

AssetImportWorkerClient::OnTransportError - code=2 error=End of file
